c:\users\jared\desktop\coding\c++\term project - cave story\cave story\debug\vc142.pdb
c:\users\jared\desktop\coding\c++\term project - cave story\cave story\debug\vc142.idb
c:\users\jared\desktop\coding\c++\term project - cave story\cave story\debug\tinyxml2.obj
c:\users\jared\desktop\coding\c++\term project - cave story\cave story\debug\tile.obj
c:\users\jared\desktop\coding\c++\term project - cave story\cave story\debug\sprite.obj
c:\users\jared\desktop\coding\c++\term project - cave story\cave story\debug\player.obj
c:\users\jared\desktop\coding\c++\term project - cave story\cave story\debug\level.obj
c:\users\jared\desktop\coding\c++\term project - cave story\cave story\debug\input.obj
c:\users\jared\desktop\coding\c++\term project - cave story\cave story\debug\hud.obj
c:\users\jared\desktop\coding\c++\term project - cave story\cave story\debug\graphics.obj
c:\users\jared\desktop\coding\c++\term project - cave story\cave story\debug\game.obj
c:\users\jared\desktop\coding\c++\term project - cave story\cave story\debug\enemy.obj
c:\users\jared\desktop\coding\c++\term project - cave story\cave story\debug\cave story.obj
c:\users\jared\desktop\coding\c++\term project - cave story\cave story\debug\bat.obj
c:\users\jared\desktop\coding\c++\term project - cave story\cave story\debug\animatedtile.obj
c:\users\jared\desktop\coding\c++\term project - cave story\cave story\debug\animatedsprite.obj
c:\users\jared\desktop\coding\c++\term project - cave story\cave story\debug\cave story.ilk
c:\users\jared\desktop\coding\c++\term project - cave story\cave story\debug\cave story.exe
c:\users\jared\desktop\coding\c++\term project - cave story\cave story\debug\cave story.pdb
c:\users\jared\desktop\coding\c++\term project - cave story\cave story\debug\cave story.tlog\cl.command.1.tlog
c:\users\jared\desktop\coding\c++\term project - cave story\cave story\debug\cave story.tlog\cl.read.1.tlog
c:\users\jared\desktop\coding\c++\term project - cave story\cave story\debug\cave story.tlog\cl.write.1.tlog
c:\users\jared\desktop\coding\c++\term project - cave story\cave story\debug\cave story.tlog\link.command.1.tlog
c:\users\jared\desktop\coding\c++\term project - cave story\cave story\debug\cave story.tlog\link.read.1.tlog
c:\users\jared\desktop\coding\c++\term project - cave story\cave story\debug\cave story.tlog\link.write.1.tlog
